Base path: C:/Program Files (x86)/Unity/Editor/Data
Pipe name: \\.\pipe\UnityShaderCompiler-3-10260
Cmd: getPlatforms
Cmd: compileSnippet
  api=1 type=0 insize=9966 outsize=277 kw= ok=1
Cmd: compileSnippet
  api=0 type=0 insize=3359 outsize=743 kw=WATER_REFLECTIVE ok=1
Cmd: compileSnippet
  api=4 type=0 insize=3359 outsize=1729 kw=WATER_SIMPLE ok=1
Cmd: compileSnippet
  api=1 type=0 insize=952 outsize=171 kw= ok=1
Cmd: compileSnippet
  api=1 type=0 insize=10605 outsize=132 kw= ok=1
Cmd: compileSnippet
  api=1 type=0 insize=10628 outsize=156 kw= ok=1
Cmd: compileSnippet
  api=0 type=0 insize=10627 outsize=5890 kw= ok=1
Cmd: compileSnippet
  api=8 type=1 insize=1002 outsize=1438 kw= ok=1
Cmd: compileSnippet
  api=1 type=1 insize=3359 outsize=810 kw=WATER_REFRACTIVE ok=1
Cmd: compileSnippet
  api=1 type=0 insize=2033 outsize=204 kw= ok=1
Cmd: compileSnippet
  api=0 type=0 insize=2019 outsize=530 kw= ok=1
Cmd: compileSnippet
  api=0 type=0 insize=1171 outsize=604 kw= ok=1
Cmd: compileSnippet
  api=0 type=0 insize=10220 outsize=5417 kw=WATER_VERTEX_DISPLACEMENT_ON WATER_SIMPLE WATER_EDGEBLEND_OFF ok=1
Cmd: compileSnippet
  api=1 type=0 insize=10220 outsize=627 kw=WATER_REFLECTIVE WATER_EDGEBLEND_OFF WATER_VERTEX_DISPLACEMENT_OFF ok=1
Cmd: compileSnippet
  api=0 type=1 insize=10220 outsize=6 kw=WATER_VERTEX_DISPLACEMENT_ON WATER_SIMPLE WATER_EDGEBLEND_OFF ok=1
Cmd: compileSnippet
  api=1 type=1 insize=10220 outsize=1728 kw=WATER_EDGEBLEND_ON WATER_SIMPLE WATER_VERTEX_DISPLACEMENT_OFF ok=1
Cmd: compileSnippet
  api=4 type=0 insize=10224 outsize=4979 kw=WATER_VERTEX_DISPLACEMENT_ON WATER_REFLECTIVE WATER_EDGEBLEND_OFF ok=1
Cmd: compileSnippet
  api=4 type=0 insize=10224 outsize=4979 kw=WATER_VERTEX_DISPLACEMENT_ON WATER_SIMPLE WATER_EDGEBLEND_OFF ok=1
Cmd: compileSnippet
  api=4 type=0 insize=10224 outsize=2330 kw=WATER_REFLECTIVE WATER_EDGEBLEND_OFF WATER_VERTEX_DISPLACEMENT_OFF ok=1
Cmd: compileSnippet
  api=4 type=1 insize=10224 outsize=3907 kw=WATER_VERTEX_DISPLACEMENT_ON WATER_REFLECTIVE WATER_EDGEBLEND_OFF ok=1
Cmd: compileSnippet
  api=1 type=1 insize=10224 outsize=1166 kw=WATER_EDGEBLEND_ON WATER_SIMPLE WATER_VERTEX_DISPLACEMENT_OFF ok=1
Cmd: compileSnippet
  api=8 type=1 insize=9966 outsize=4583 kw= ok=1
Cmd: compileSnippet
  api=0 type=1 insize=1987 outsize=332 kw= ok=1
Cmd: compileSnippet
  api=8 type=0 insize=1998 outsize=2324 kw= ok=1
Cmd: compileSnippet
  api=8 type=1 insize=975 outsize=1503 kw= ok=1
Cmd: compileSnippet
  api=1 type=1 insize=32668 outsize=4416 kw= ok=1
Cmd: compileSnippet
  api=0 type=1 insize=1702 outsize=994 kw= ok=1
Cmd: compileSnippet
  api=0 type=0 insize=19341 outsize=818 kw= ok=1
Cmd: compileSnippet
  api=1 type=0 insize=19339 outsize=318 kw= ok=1
Cmd: compileSnippet
  api=0 type=0 insize=19335 outsize=575 kw= ok=1
Cmd: compileSnippet
  api=1 type=0 insize=19345 outsize=318 kw= ok=1
Cmd: compileSnippet
  api=0 type=0 insize=19333 outsize=3014 kw= ok=1
Cmd: compileSnippet
  api=0 type=0 insize=19327 outsize=677 kw= ok=1
Cmd: compileSnippet
  api=1 type=0 insize=19335 outsize=318 kw= ok=1
Cmd: compileSnippet
  api=1 type=0 insize=19343 outsize=318 kw= ok=1
Cmd: compileSnippet
  api=0 type=0 insize=19331 outsize=549 kw= ok=1
Cmd: compileSnippet
  api=1 type=0 insize=19333 outsize=413 kw= ok=1
Cmd: compileSnippet
  api=0 type=0 insize=19350 outsize=426 kw= ok=1
Cmd: compileSnippet
  api=1 type=0 insize=5703 outsize=318 kw= ok=1
Cmd: compileSnippet
  api=0 type=0 insize=5703 outsize=501 kw= ok=1
Cmd: compileSnippet
  api=1 type=0 insize=5697 outsize=318 kw= ok=1
Cmd: compileSnippet
  api=0 type=0 insize=5696 outsize=2735 kw= ok=1
Cmd: compileSnippet
  api=0 type=0 insize=5701 outsize=601 kw= ok=1
Cmd: compileSnippet
  api=0 type=0 insize=6851 outsize=3133 kw= ok=1
Cmd: compileSnippet
  api=0 type=0 insize=3333 outsize=328 kw= ok=1
Cmd: compileSnippet
  api=1 type=0 insize=3341 outsize=364 kw= ok=1
Cmd: compileSnippet
  api=8 type=1 insize=912 outsize=1024 kw= ok=1
Cmd: compileSnippet
  api=0 type=1 insize=867 outsize=133 kw= ok=1
Cmd: compileSnippet
  api=1 type=1 insize=721 outsize=76 kw= ok=1
Cmd: compileSnippet
  api=0 type=1 insize=952 outsize=222 kw= ok=1
