Base path: C:/Program Files (x86)/Unity/Editor/Data
Pipe name: \\.\pipe\UnityShaderCompiler-4-11540
Cmd: getPlatforms
Cmd: compileSnippet
  api=0 type=0 insize=9966 outsize=566 kw= ok=1
Cmd: compileSnippet
  api=4 type=0 insize=3359 outsize=2087 kw=WATER_REFLECTIVE ok=1
Cmd: compileSnippet
  api=1 type=0 insize=3359 outsize=341 kw=WATER_SIMPLE ok=1
Cmd: compileSnippet
  api=0 type=0 insize=952 outsize=397 kw= ok=1
Cmd: compileSnippet
  api=1 type=1 insize=10605 outsize=460 kw= ok=1
Cmd: compileSnippet
  api=1 type=1 insize=10628 outsize=3842 kw= ok=1
Cmd: compileSnippet
  api=1 type=1 insize=10627 outsize=3819 kw= ok=1
Cmd: compileSnippet
  api=0 type=1 insize=1002 outsize=315 kw= ok=1
Cmd: compileSnippet
  api=0 type=1 insize=3359 outsize=1055 kw=WATER_REFRACTIVE ok=1
Cmd: compileSnippet
  api=1 type=1 insize=2033 outsize=4188 kw= ok=1
Cmd: compileSnippet
  api=1 type=1 insize=2298 outsize=6952 kw= ok=1
Cmd: compileSnippet
  api=0 type=1 insize=2803 outsize=14055 kw= ok=1
Cmd: compileSnippet
  api=1 type=1 insize=3079 outsize=1336 kw= ok=1
Cmd: compileSnippet
  api=1 type=0 insize=1171 outsize=351 kw= ok=1
Cmd: compileSnippet
  api=0 type=0 insize=10220 outsize=6429 kw=WATER_VERTEX_DISPLACEMENT_ON WATER_EDGEBLEND_ON WATER_REFLECTIVE ok=1
Cmd: compileSnippet
  api=1 type=0 insize=10220 outsize=627 kw=WATER_EDGEBLEND_ON WATER_SIMPLE WATER_VERTEX_DISPLACEMENT_OFF ok=1
Cmd: compileSnippet
  api=0 type=1 insize=10220 outsize=6 kw=WATER_VERTEX_DISPLACEMENT_ON WATER_EDGEBLEND_ON WATER_REFLECTIVE ok=1
Cmd: compileSnippet
  api=1 type=1 insize=10220 outsize=1414 kw=WATER_VERTEX_DISPLACEMENT_ON WATER_SIMPLE WATER_EDGEBLEND_OFF ok=1
Cmd: compileSnippet
  api=0 type=1 insize=10220 outsize=6 kw=WATER_SIMPLE WATER_EDGEBLEND_OFF WATER_VERTEX_DISPLACEMENT_OFF ok=1
Cmd: compileSnippet
  api=1 type=0 insize=10224 outsize=2463 kw=WATER_VERTEX_DISPLACEMENT_ON WATER_REFLECTIVE WATER_EDGEBLEND_OFF ok=1
Cmd: compileSnippet
  api=0 type=0 insize=10224 outsize=4592 kw=WATER_VERTEX_DISPLACEMENT_ON WATER_SIMPLE WATER_EDGEBLEND_OFF ok=1
Cmd: compileSnippet
  api=1 type=0 insize=10224 outsize=484 kw=WATER_SIMPLE WATER_EDGEBLEND_OFF WATER_VERTEX_DISPLACEMENT_OFF ok=1
Cmd: compileSnippet
  api=0 type=1 insize=10224 outsize=6 kw=WATER_VERTEX_DISPLACEMENT_ON WATER_EDGEBLEND_ON WATER_SIMPLE ok=1
Cmd: compileSnippet
  api=1 type=1 insize=10224 outsize=1026 kw=WATER_VERTEX_DISPLACEMENT_ON WATER_SIMPLE WATER_EDGEBLEND_OFF ok=1
Cmd: compileSnippet
  api=0 type=1 insize=10224 outsize=6 kw=WATER_REFLECTIVE WATER_EDGEBLEND_OFF WATER_VERTEX_DISPLACEMENT_OFF ok=1
Cmd: compileSnippet
  api=8 type=1 insize=1987 outsize=1739 kw= ok=1
Cmd: compileSnippet
  api=0 type=1 insize=1985 outsize=256 kw= ok=1
Cmd: compileSnippet
  api=1 type=0 insize=975 outsize=132 kw= ok=1
Cmd: compileSnippet
  api=0 type=0 insize=32668 outsize=8890 kw= ok=1
Cmd: compileSnippet
  api=1 type=0 insize=1702 outsize=452 kw= ok=1
Cmd: compileSnippet
  api=0 type=0 insize=19335 outsize=823 kw= ok=1
Cmd: compileSnippet
  api=1 type=0 insize=19342 outsize=595 kw= ok=1
Cmd: compileSnippet
  api=0 type=0 insize=19346 outsize=4208 kw= ok=1
Cmd: compileSnippet
  api=0 type=0 insize=19344 outsize=597 kw= ok=1
Cmd: compileSnippet
  api=0 type=0 insize=19335 outsize=3521 kw= ok=1
Cmd: compileSnippet
  api=0 type=0 insize=19343 outsize=3402 kw= ok=1
Cmd: compileSnippet
  api=0 type=0 insize=19353 outsize=3429 kw= ok=1
Cmd: compileSnippet
  api=1 type=0 insize=19331 outsize=318 kw= ok=1
Cmd: compileSnippet
  api=1 type=1 insize=19333 outsize=750 kw= ok=1
Cmd: compileSnippet
  api=0 type=1 insize=5699 outsize=6 kw= ok=1
Cmd: compileSnippet
  api=0 type=1 insize=5701 outsize=6 kw= ok=1
Cmd: compileSnippet
  api=1 type=1 insize=32678 outsize=4414 kw= ok=1
Cmd: compileSnippet
  api=1 type=1 insize=3862 outsize=2057 kw= ok=1
Cmd: compileSnippet
  api=1 type=1 insize=6851 outsize=1855 kw= ok=1
Cmd: compileSnippet
  api=0 type=1 insize=4192 outsize=6 kw= ok=1
Cmd: compileSnippet
  api=1 type=1 insize=3333 outsize=232 kw= ok=1
Cmd: compileSnippet
  api=1 type=0 insize=3350 outsize=462 kw= ok=1
Cmd: compileSnippet
  api=8 type=1 insize=3350 outsize=3210 kw= ok=1
Cmd: compileSnippet
  api=0 type=1 insize=3345 outsize=714 kw= ok=1
Cmd: compileSnippet
  api=0 type=1 insize=912 outsize=200 kw= ok=1
Cmd: compileSnippet
  api=8 type=0 insize=867 outsize=1560 kw= ok=1
Cmd: compileSnippet
  api=8 type=1 insize=867 outsize=837 kw= ok=1
Cmd: compileSnippet
  api=0 type=1 insize=721 outsize=197 kw= ok=1
