Base path: C:/Program Files (x86)/Unity/Editor/Data
Pipe name: \\.\pipe\UnityShaderCompiler-2-10780
Cmd: getPlatforms
Cmd: compileSnippet
  api=8 type=0 insize=9966 outsize=2730 kw= ok=1
Cmd: compileSnippet
  api=1 type=0 insize=3359 outsize=449 kw=WATER_REFLECTIVE ok=1
Cmd: compileSnippet
  api=8 type=0 insize=3359 outsize=2511 kw=WATER_SIMPLE ok=1
Cmd: compileSnippet
  api=0 type=0 insize=10628 outsize=5904 kw= ok=1
Cmd: compileSnippet
  api=1 type=0 insize=10627 outsize=156 kw= ok=1
Cmd: compileSnippet
  api=1 type=0 insize=1002 outsize=132 kw= ok=1
Cmd: compileSnippet
  api=0 type=1 insize=3359 outsize=823 kw=WATER_SIMPLE ok=1
Cmd: compileSnippet
  api=1 type=1 insize=3359 outsize=679 kw=WATER_SIMPLE ok=1
Cmd: compileSnippet
  api=0 type=0 insize=3079 outsize=369 kw= ok=1
Cmd: compileSnippet
  api=0 type=0 insize=10220 outsize=6263 kw=WATER_VERTEX_DISPLACEMENT_ON WATER_EDGEBLEND_ON WATER_SIMPLE ok=1
Cmd: compileSnippet
  api=0 type=0 insize=10220 outsize=3974 kw=WATER_EDGEBLEND_ON WATER_SIMPLE WATER_VERTEX_DISPLACEMENT_OFF ok=1
Cmd: compileSnippet
  api=0 type=1 insize=10220 outsize=6 kw=WATER_VERTEX_DISPLACEMENT_ON WATER_EDGEBLEND_ON WATER_SIMPLE ok=1
Cmd: compileSnippet
  api=4 type=1 insize=10220 outsize=4337 kw=WATER_VERTEX_DISPLACEMENT_ON WATER_SIMPLE WATER_EDGEBLEND_OFF ok=1
Cmd: compileSnippet
  api=0 type=0 insize=10224 outsize=5120 kw=WATER_VERTEX_DISPLACEMENT_ON WATER_EDGEBLEND_ON WATER_REFLECTIVE ok=1
Cmd: compileSnippet
  api=0 type=0 insize=10224 outsize=2619 kw=WATER_EDGEBLEND_ON WATER_SIMPLE WATER_VERTEX_DISPLACEMENT_OFF ok=1
Cmd: compileSnippet
  api=0 type=1 insize=10224 outsize=6 kw=WATER_VERTEX_DISPLACEMENT_ON WATER_EDGEBLEND_ON WATER_REFLECTIVE ok=1
Cmd: compileSnippet
  api=0 type=1 insize=10224 outsize=6 kw=WATER_VERTEX_DISPLACEMENT_ON WATER_SIMPLE WATER_EDGEBLEND_OFF ok=1
Cmd: compileSnippet
  api=4 type=1 insize=10224 outsize=3907 kw=WATER_EDGEBLEND_ON WATER_SIMPLE WATER_VERTEX_DISPLACEMENT_OFF ok=1
Cmd: compileSnippet
  api=1 type=0 insize=1987 outsize=335 kw= ok=1
Cmd: compileSnippet
  api=0 type=0 insize=1985 outsize=375 kw= ok=1
Cmd: compileSnippet
  api=0 type=0 insize=1998 outsize=561 kw= ok=1
Cmd: compileSnippet
  api=0 type=0 insize=1996 outsize=375 kw= ok=1
Cmd: compileSnippet
  api=8 type=0 insize=975 outsize=1438 kw= ok=1
Cmd: compileSnippet
  api=1 type=1 insize=1702 outsize=765 kw= ok=1
Cmd: compileSnippet
  api=0 type=1 insize=19325 outsize=6 kw= ok=1
Cmd: compileSnippet
  api=0 type=1 insize=19341 outsize=6 kw= ok=1
Cmd: compileSnippet
  api=0 type=0 insize=19339 outsize=1490 kw= ok=1
Cmd: compileSnippet
  api=1 type=0 insize=19338 outsize=318 kw= ok=1
Cmd: compileSnippet
  api=0 type=0 insize=19345 outsize=909 kw= ok=1
Cmd: compileSnippet
  api=0 type=0 insize=19342 outsize=2622 kw= ok=1
Cmd: compileSnippet
  api=1 type=0 insize=19329 outsize=318 kw= ok=1
Cmd: compileSnippet
  api=1 type=0 insize=19344 outsize=318 kw= ok=1
Cmd: compileSnippet
  api=1 type=1 insize=19335 outsize=14835 kw= ok=1
Cmd: compileSnippet
  api=1 type=1 insize=19343 outsize=7825 kw= ok=1
Cmd: compileSnippet
  api=1 type=1 insize=19353 outsize=1442 kw= ok=1
Cmd: compileSnippet
  api=1 type=1 insize=19331 outsize=124 kw= ok=1
Cmd: compileSnippet
  api=0 type=1 insize=19333 outsize=6 kw= ok=1
Cmd: compileSnippet
  api=1 type=1 insize=19350 outsize=66 kw= ok=1
Cmd: compileSnippet
  api=1 type=1 insize=1749 outsize=980 kw= ok=1
Cmd: compileSnippet
  api=0 type=1 insize=5703 outsize=6 kw= ok=1
Cmd: compileSnippet
  api=1 type=1 insize=5703 outsize=174 kw= ok=1
Cmd: compileSnippet
  api=1 type=1 insize=5697 outsize=2890 kw= ok=1
Cmd: compileSnippet
  api=1 type=1 insize=5696 outsize=2915 kw= ok=1
Cmd: compileSnippet
  api=1 type=0 insize=6851 outsize=310 kw= ok=1
Cmd: compileSnippet
  api=0 type=0 insize=4192 outsize=3355 kw= ok=1
Cmd: compileSnippet
  api=0 type=0 insize=4197 outsize=2952 kw= ok=1
Cmd: compileSnippet
  api=8 type=0 insize=3350 outsize=2909 kw= ok=1
Cmd: compileSnippet
  api=1 type=0 insize=3345 outsize=462 kw= ok=1
Cmd: compileSnippet
  api=8 type=0 insize=912 outsize=1560 kw= ok=1
Cmd: compileSnippet
  api=1 type=0 insize=867 outsize=145 kw= ok=1
Cmd: compileSnippet
  api=1 type=0 insize=721 outsize=132 kw= ok=1
Cmd: compileSnippet
  api=8 type=1 insize=952 outsize=1138 kw= ok=1
